[0811/153413:ERROR:process_reader_win.cc(114)] NtOpenThread: {Access Denied} A process has requested access to an object, but has not been granted those access rights.  (0xc0000022)
[0811/153413:ERROR:process_reader_win.cc(114)] NtOpenThread: {Access Denied} A process has requested access to an object, but has not been granted those access rights.  (0xc0000022)
[0811/153413:ERROR:process_reader_win.cc(114)] NtOpenThread: {Access Denied} A process has requested access to an object, but has not been granted those access rights.  (0xc0000022)
[0811/153413:ERROR:exception_snapshot_win.cc(88)] thread ID 7560 not found in process
[0811/153413:WARNING:crash_report_exception_handler.cc(60)] ProcessSnapshotWin::InitializeException failed
[0811/153413:ERROR:exception_snapshot_win.cc(88)] thread ID 8872 not found in process
[0811/153413:WARNING:crash_report_exception_handler.cc(60)] ProcessSnapshotWin::InitializeException failed
[0811/153413:ERROR:exception_snapshot_win.cc(88)] thread ID 7064 not found in process
[0811/153413:WARNING:crash_report_exception_handler.cc(60)] ProcessSnapshotWin::InitializeException failed
[0811/161706:ERROR:process_reader_win.cc(114)] NtOpenThread: {Access Denied} A process has requested access to an object, but has not been granted those access rights.  (0xc0000022)
[0811/161706:ERROR:exception_snapshot_win.cc(88)] thread ID 8348 not found in process
[0811/161706:WARNING:crash_report_exception_handler.cc(60)] ProcessSnapshotWin::InitializeException failed
[0811/161935:ERROR:process_reader_win.cc(114)] NtOpenThread: {Access Denied} A process has requested access to an object, but has not been granted those access rights.  (0xc0000022)
[0811/161935:ERROR:exception_snapshot_win.cc(88)] thread ID 3788 not found in process
[0811/161935:WARNING:crash_report_exception_handler.cc(60)] ProcessSnapshotWin::InitializeException failed
[0811/162602:ERROR:process_reader_win.cc(114)] NtOpenThread: {Access Denied} A process has requested access to an object, but has not been granted those access rights.  (0xc0000022)
[0811/162602:ERROR:process_reader_win.cc(114)] NtOpenThread: {Access Denied} A process has requested access to an object, but has not been granted those access rights.  (0xc0000022)
[0811/162602:ERROR:exception_snapshot_win.cc(88)] thread ID 6736 not found in process
[0811/162602:WARNING:crash_report_exception_handler.cc(60)] ProcessSnapshotWin::InitializeException failed
[0811/162602:ERROR:exception_snapshot_win.cc(88)] thread ID 6500 not found in process
[0811/162602:WARNING:crash_report_exception_handler.cc(60)] ProcessSnapshotWin::InitializeException failed
[0815/114217:ERROR:process_reader_win.cc(114)] NtOpenThread: {Access Denied} A process has requested access to an object, but has not been granted those access rights.  (0xc0000022)
[0815/114217:ERROR:process_reader_win.cc(114)] NtOpenThread: {Access Denied} A process has requested access to an object, but has not been granted those access rights.  (0xc0000022)
[0815/114217:ERROR:exception_snapshot_win.cc(88)] thread ID 10984 not found in process
[0815/114217:WARNING:crash_report_exception_handler.cc(60)] ProcessSnapshotWin::InitializeException failed
[0815/114217:ERROR:exception_snapshot_win.cc(88)] thread ID 11752 not found in process
[0815/114217:WARNING:crash_report_exception_handler.cc(60)] ProcessSnapshotWin::InitializeException failed
[0817/104657:ERROR:process_reader_win.cc(114)] NtOpenThread: {Access Denied} A process has requested access to an object, but has not been granted those access rights.  (0xc0000022)
[0817/104657:ERROR:exception_snapshot_win.cc(88)] thread ID 1464 not found in process
[0817/104657:WARNING:crash_report_exception_handler.cc(60)] ProcessSnapshotWin::InitializeException failed
[0817/105008:ERROR:process_reader_win.cc(114)] NtOpenThread: {Access Denied} A process has requested access to an object, but has not been granted those access rights.  (0xc0000022)
[0817/105008:ERROR:exception_snapshot_win.cc(88)] thread ID 7440 not found in process
[0817/105008:WARNING:crash_report_exception_handler.cc(60)] ProcessSnapshotWin::InitializeException failed
[0817/110605:ERROR:process_reader_win.cc(114)] NtOpenThread: {Access Denied} A process has requested access to an object, but has not been granted those access rights.  (0xc0000022)
[0817/110605:ERROR:exception_snapshot_win.cc(88)] thread ID 4760 not found in process
[0817/110605:WARNING:crash_report_exception_handler.cc(60)] ProcessSnapshotWin::InitializeException failed
[0822/111740:ERROR:process_reader_win.cc(114)] NtOpenThread: {Access Denied} A process has requested access to an object, but has not been granted those access rights.  (0xc0000022)
[0822/111741:ERROR:exception_snapshot_win.cc(88)] thread ID 8996 not found in process
[0822/111741:WARNING:crash_report_exception_handler.cc(60)] ProcessSnapshotWin::InitializeException failed
[0822/111856:ERROR:process_reader_win.cc(114)] NtOpenThread: {Access Denied} A process has requested access to an object, but has not been granted those access rights.  (0xc0000022)
[0822/111856:ERROR:process_reader_win.cc(114)] NtOpenThread: {Access Denied} A process has requested access to an object, but has not been granted those access rights.  (0xc0000022)
[0822/111856:ERROR:exception_snapshot_win.cc(88)] thread ID 436 not found in process
[0822/111856:WARNING:crash_report_exception_handler.cc(60)] ProcessSnapshotWin::InitializeException failed
[0822/111856:ERROR:exception_snapshot_win.cc(88)] thread ID 11132 not found in process
[0822/111856:WARNING:crash_report_exception_handler.cc(60)] ProcessSnapshotWin::InitializeException failed
[0822/132330:ERROR:process_reader_win.cc(114)] NtOpenThread: {Access Denied} A process has requested access to an object, but has not been granted those access rights.  (0xc0000022)
[0822/132330:ERROR:process_reader_win.cc(114)] NtOpenThread: {Access Denied} A process has requested access to an object, but has not been granted those access rights.  (0xc0000022)
[0822/132330:ERROR:process_reader_win.cc(114)] NtOpenThread: {Access Denied} A process has requested access to an object, but has not been granted those access rights.  (0xc0000022)
[0822/132330:ERROR:exception_snapshot_win.cc(88)] thread ID 11752 not found in process
[0822/132330:WARNING:crash_report_exception_handler.cc(60)] ProcessSnapshotWin::InitializeException failed
[0822/132330:ERROR:exception_snapshot_win.cc(88)] thread ID 10736 not found in process
[0822/132330:WARNING:crash_report_exception_handler.cc(60)] ProcessSnapshotWin::InitializeException failed
[0822/132330:ERROR:exception_snapshot_win.cc(88)] thread ID 6976 not found in process
[0822/132330:WARNING:crash_report_exception_handler.cc(60)] ProcessSnapshotWin::InitializeException failed
[0822/132441:ERROR:process_reader_win.cc(114)] NtOpenThread: {Access Denied} A process has requested access to an object, but has not been granted those access rights.  (0xc0000022)
[0822/132441:ERROR:exception_snapshot_win.cc(88)] thread ID 5556 not found in process
[0822/132441:WARNING:crash_report_exception_handler.cc(60)] ProcessSnapshotWin::InitializeException failed
[0822/132646:ERROR:process_reader_win.cc(114)] NtOpenThread: {Access Denied} A process has requested access to an object, but has not been granted those access rights.  (0xc0000022)
[0822/132646:ERROR:process_reader_win.cc(114)] NtOpenThread: {Access Denied} A process has requested access to an object, but has not been granted those access rights.  (0xc0000022)
[0822/132646:ERROR:process_reader_win.cc(114)] NtOpenThread: {Access Denied} A process has requested access to an object, but has not been granted those access rights.  (0xc0000022)
[0822/132646:ERROR:exception_snapshot_win.cc(88)] thread ID 8796 not found in process
[0822/132646:WARNING:crash_report_exception_handler.cc(60)] ProcessSnapshotWin::InitializeException failed
[0822/132646:ERROR:exception_snapshot_win.cc(88)] thread ID 7908 not found in process
[0822/132646:WARNING:crash_report_exception_handler.cc(60)] ProcessSnapshotWin::InitializeException failed
[0822/132646:ERROR:exception_snapshot_win.cc(88)] thread ID 7128 not found in process
[0822/132646:WARNING:crash_report_exception_handler.cc(60)] ProcessSnapshotWin::InitializeException failed
[0822/132753:ERROR:process_reader_win.cc(114)] NtOpenThread: {Access Denied} A process has requested access to an object, but has not been granted those access rights.  (0xc0000022)
[0822/132753:ERROR:process_reader_win.cc(114)] NtOpenThread: {Access Denied} A process has requested access to an object, but has not been granted those access rights.  (0xc0000022)
[0822/132753:ERROR:exception_snapshot_win.cc(88)] thread ID 4568 not found in process
[0822/132753:WARNING:crash_report_exception_handler.cc(60)] ProcessSnapshotWin::InitializeException failed
[0822/132753:ERROR:exception_snapshot_win.cc(88)] thread ID 11576 not found in process
[0822/132753:WARNING:crash_report_exception_handler.cc(60)] ProcessSnapshotWin::InitializeException failed
[0822/132940:ERROR:process_reader_win.cc(114)] NtOpenThread: {Access Denied} A process has requested access to an object, but has not been granted those access rights.  (0xc0000022)
[0822/132940:ERROR:exception_snapshot_win.cc(88)] thread ID 1268 not found in process
[0822/132940:WARNING:crash_report_exception_handler.cc(60)] ProcessSnapshotWin::InitializeException failed
[0822/132941:ERROR:process_reader_win.cc(114)] NtOpenThread: {Access Denied} A process has requested access to an object, but has not been granted those access rights.  (0xc0000022)
[0822/132941:ERROR:process_reader_win.cc(114)] NtOpenThread: {Access Denied} A process has requested access to an object, but has not been granted those access rights.  (0xc0000022)
[0822/132941:ERROR:exception_snapshot_win.cc(88)] thread ID 12248 not found in process
[0822/132941:WARNING:crash_report_exception_handler.cc(60)] ProcessSnapshotWin::InitializeException failed
[0822/132941:ERROR:exception_snapshot_win.cc(88)] thread ID 1752 not found in process
[0822/132941:WARNING:crash_report_exception_handler.cc(60)] ProcessSnapshotWin::InitializeException failed
[0822/133131:ERROR:process_reader_win.cc(114)] NtOpenThread: {Access Denied} A process has requested access to an object, but has not been granted those access rights.  (0xc0000022)
[0822/133131:ERROR:process_reader_win.cc(114)] NtOpenThread: {Access Denied} A process has requested access to an object, but has not been granted those access rights.  (0xc0000022)
[0822/133131:ERROR:exception_snapshot_win.cc(88)] thread ID 12048 not found in process
[0822/133131:WARNING:crash_report_exception_handler.cc(60)] ProcessSnapshotWin::InitializeException failed
[0822/133131:ERROR:exception_snapshot_win.cc(88)] thread ID 11040 not found in process
[0822/133131:WARNING:crash_report_exception_handler.cc(60)] ProcessSnapshotWin::InitializeException failed
[0822/133433:ERROR:process_reader_win.cc(114)] NtOpenThread: {Access Denied} A process has requested access to an object, but has not been granted those access rights.  (0xc0000022)
[0822/133433:ERROR:exception_snapshot_win.cc(88)] thread ID 2600 not found in process
[0822/133433:WARNING:crash_report_exception_handler.cc(60)] ProcessSnapshotWin::InitializeException failed
[0822/134055:ERROR:process_reader_win.cc(114)] NtOpenThread: {Access Denied} A process has requested access to an object, but has not been granted those access rights.  (0xc0000022)
[0822/134055:ERROR:process_reader_win.cc(114)] NtOpenThread: {Access Denied} A process has requested access to an object, but has not been granted those access rights.  (0xc0000022)
[0822/134055:ERROR:exception_snapshot_win.cc(88)] thread ID 9136 not found in process
[0822/134055:WARNING:crash_report_exception_handler.cc(60)] ProcessSnapshotWin::InitializeException failed
[0822/134055:ERROR:exception_snapshot_win.cc(88)] thread ID 6848 not found in process
[0822/134055:WARNING:crash_report_exception_handler.cc(60)] ProcessSnapshotWin::InitializeException failed
[0822/134308:ERROR:process_reader_win.cc(114)] NtOpenThread: {Access Denied} A process has requested access to an object, but has not been granted those access rights.  (0xc0000022)
[0822/134308:ERROR:exception_snapshot_win.cc(88)] thread ID 10516 not found in process
[0822/134308:WARNING:crash_report_exception_handler.cc(60)] ProcessSnapshotWin::InitializeException failed
[0822/134350:ERROR:process_reader_win.cc(114)] NtOpenThread: {Access Denied} A process has requested access to an object, but has not been granted those access rights.  (0xc0000022)
[0822/134350:ERROR:exception_snapshot_win.cc(88)] thread ID 7732 not found in process
[0822/134350:WARNING:crash_report_exception_handler.cc(60)] ProcessSnapshotWin::InitializeException failed
[0822/134550:ERROR:process_reader_win.cc(114)] NtOpenThread: {Access Denied} A process has requested access to an object, but has not been granted those access rights.  (0xc0000022)
[0822/134550:ERROR:exception_snapshot_win.cc(88)] thread ID 8408 not found in process
[0822/134550:WARNING:crash_report_exception_handler.cc(60)] ProcessSnapshotWin::InitializeException failed
[0822/134712:ERROR:process_reader_win.cc(114)] NtOpenThread: {Access Denied} A process has requested access to an object, but has not been granted those access rights.  (0xc0000022)
[0822/134712:ERROR:exception_snapshot_win.cc(88)] thread ID 2312 not found in process
[0822/134712:WARNING:crash_report_exception_handler.cc(60)] ProcessSnapshotWin::InitializeException failed
[0822/134747:ERROR:process_reader_win.cc(114)] NtOpenThread: {Access Denied} A process has requested access to an object, but has not been granted those access rights.  (0xc0000022)
[0822/134747:ERROR:exception_snapshot_win.cc(88)] thread ID 11300 not found in process
[0822/134747:WARNING:crash_report_exception_handler.cc(60)] ProcessSnapshotWin::InitializeException failed
[0822/134949:ERROR:process_reader_win.cc(114)] NtOpenThread: {Access Denied} A process has requested access to an object, but has not been granted those access rights.  (0xc0000022)
[0822/134949:ERROR:process_reader_win.cc(114)] NtOpenThread: {Access Denied} A process has requested access to an object, but has not been granted those access rights.  (0xc0000022)
[0822/134949:ERROR:exception_snapshot_win.cc(88)] thread ID 11908 not found in process
[0822/134949:WARNING:crash_report_exception_handler.cc(60)] ProcessSnapshotWin::InitializeException failed
[0822/134949:ERROR:exception_snapshot_win.cc(88)] thread ID 10572 not found in process
[0822/134949:WARNING:crash_report_exception_handler.cc(60)] ProcessSnapshotWin::InitializeException failed
[0822/135046:ERROR:process_reader_win.cc(114)] NtOpenThread: {Access Denied} A process has requested access to an object, but has not been granted those access rights.  (0xc0000022)
[0822/135046:ERROR:exception_snapshot_win.cc(88)] thread ID 7572 not found in process
[0822/135046:WARNING:crash_report_exception_handler.cc(60)] ProcessSnapshotWin::InitializeException failed
[0822/135149:ERROR:process_reader_win.cc(114)] NtOpenThread: {Access Denied} A process has requested access to an object, but has not been granted those access rights.  (0xc0000022)
[0822/135149:ERROR:exception_snapshot_win.cc(88)] thread ID 12024 not found in process
[0822/135149:WARNING:crash_report_exception_handler.cc(60)] ProcessSnapshotWin::InitializeException failed
[0822/135531:ERROR:process_reader_win.cc(114)] NtOpenThread: {Access Denied} A process has requested access to an object, but has not been granted those access rights.  (0xc0000022)
[0822/135531:ERROR:exception_snapshot_win.cc(88)] thread ID 10512 not found in process
[0822/135531:WARNING:crash_report_exception_handler.cc(60)] ProcessSnapshotWin::InitializeException failed
[0822/135812:ERROR:process_reader_win.cc(114)] NtOpenThread: {Access Denied} A process has requested access to an object, but has not been granted those access rights.  (0xc0000022)
[0822/135812:ERROR:process_reader_win.cc(114)] NtOpenThread: {Access Denied} A process has requested access to an object, but has not been granted those access rights.  (0xc0000022)
[0822/135812:ERROR:exception_snapshot_win.cc(88)] thread ID 1460 not found in process
[0822/135812:WARNING:crash_report_exception_handler.cc(60)] ProcessSnapshotWin::InitializeException failed
[0822/135812:ERROR:exception_snapshot_win.cc(88)] thread ID 1688 not found in process
[0822/135812:WARNING:crash_report_exception_handler.cc(60)] ProcessSnapshotWin::InitializeException failed
[0822/135858:ERROR:process_reader_win.cc(114)] NtOpenThread: {Access Denied} A process has requested access to an object, but has not been granted those access rights.  (0xc0000022)
[0822/135858:ERROR:process_reader_win.cc(114)] NtOpenThread: {Access Denied} A process has requested access to an object, but has not been granted those access rights.  (0xc0000022)
[0822/135858:ERROR:exception_snapshot_win.cc(88)] thread ID 1164 not found in process
[0822/135858:WARNING:crash_report_exception_handler.cc(60)] ProcessSnapshotWin::InitializeException failed
[0822/135858:ERROR:exception_snapshot_win.cc(88)] thread ID 12052 not found in process
[0822/135858:WARNING:crash_report_exception_handler.cc(60)] ProcessSnapshotWin::InitializeException failed
[0822/135935:ERROR:process_reader_win.cc(114)] NtOpenThread: {Access Denied} A process has requested access to an object, but has not been granted those access rights.  (0xc0000022)
[0822/135935:ERROR:process_reader_win.cc(114)] NtOpenThread: {Access Denied} A process has requested access to an object, but has not been granted those access rights.  (0xc0000022)
[0822/135935:ERROR:exception_snapshot_win.cc(88)] thread ID 9748 not found in process
[0822/135935:WARNING:crash_report_exception_handler.cc(60)] ProcessSnapshotWin::InitializeException failed
[0822/135935:ERROR:exception_snapshot_win.cc(88)] thread ID 11876 not found in process
[0822/135935:WARNING:crash_report_exception_handler.cc(60)] ProcessSnapshotWin::InitializeException failed
[0822/140441:ERROR:process_reader_win.cc(114)] NtOpenThread: {Access Denied} A process has requested access to an object, but has not been granted those access rights.  (0xc0000022)
[0822/140441:ERROR:exception_snapshot_win.cc(88)] thread ID 9736 not found in process
[0822/140441:WARNING:crash_report_exception_handler.cc(60)] ProcessSnapshotWin::InitializeException failed
[0822/140551:ERROR:process_reader_win.cc(114)] NtOpenThread: {Access Denied} A process has requested access to an object, but has not been granted those access rights.  (0xc0000022)
[0822/140551:ERROR:exception_snapshot_win.cc(88)] thread ID 2068 not found in process
[0822/140551:WARNING:crash_report_exception_handler.cc(60)] ProcessSnapshotWin::InitializeException failed
[0822/140958:ERROR:process_reader_win.cc(114)] NtOpenThread: {Access Denied} A process has requested access to an object, but has not been granted those access rights.  (0xc0000022)
[0822/140958:ERROR:process_reader_win.cc(114)] NtOpenThread: {Access Denied} A process has requested access to an object, but has not been granted those access rights.  (0xc0000022)
[0822/140958:ERROR:process_reader_win.cc(114)] NtOpenThread: {Access Denied} A process has requested access to an object, but has not been granted those access rights.  (0xc0000022)
[0822/140958:ERROR:process_reader_win.cc(114)] NtOpenThread: {Access Denied} A process has requested access to an object, but has not been granted those access rights.  (0xc0000022)
[0822/140959:ERROR:exception_snapshot_win.cc(88)] thread ID 11228 not found in process
[0822/140959:WARNING:crash_report_exception_handler.cc(60)] ProcessSnapshotWin::InitializeException failed
[0822/140959:ERROR:exception_snapshot_win.cc(88)] thread ID 12248 not found in process
[0822/140959:WARNING:crash_report_exception_handler.cc(60)] ProcessSnapshotWin::InitializeException failed
[0822/140959:ERROR:exception_snapshot_win.cc(88)] thread ID 4040 not found in process
[0822/140959:WARNING:crash_report_exception_handler.cc(60)] ProcessSnapshotWin::InitializeException failed
[0822/140959:ERROR:exception_snapshot_win.cc(88)] thread ID 7940 not found in process
[0822/140959:WARNING:crash_report_exception_handler.cc(60)] ProcessSnapshotWin::InitializeException failed
[0822/141400:ERROR:process_reader_win.cc(114)] NtOpenThread: {Access Denied} A process has requested access to an object, but has not been granted those access rights.  (0xc0000022)
[0822/141400:ERROR:process_reader_win.cc(114)] NtOpenThread: {Access Denied} A process has requested access to an object, but has not been granted those access rights.  (0xc0000022)
[0822/141400:ERROR:process_reader_win.cc(114)] NtOpenThread: {Access Denied} A process has requested access to an object, but has not been granted those access rights.  (0xc0000022)
[0822/141400:ERROR:exception_snapshot_win.cc(88)] thread ID 7912 not found in process
[0822/141400:WARNING:crash_report_exception_handler.cc(60)] ProcessSnapshotWin::InitializeException failed
[0822/141400:ERROR:exception_snapshot_win.cc(88)] thread ID 9044 not found in process
[0822/141400:WARNING:crash_report_exception_handler.cc(60)] ProcessSnapshotWin::InitializeException failed
[0822/141400:ERROR:exception_snapshot_win.cc(88)] thread ID 2124 not found in process
[0822/141400:WARNING:crash_report_exception_handler.cc(60)] ProcessSnapshotWin::InitializeException failed
[0822/141400:ERROR:process_reader_win.cc(114)] NtOpenThread: {Access Denied} A process has requested access to an object, but has not been granted those access rights.  (0xc0000022)
[0822/141400:ERROR:exception_snapshot_win.cc(88)] thread ID 6248 not found in process
[0822/141400:WARNING:crash_report_exception_handler.cc(60)] ProcessSnapshotWin::InitializeException failed
[0822/141436:ERROR:process_reader_win.cc(114)] NtOpenThread: {Access Denied} A process has requested access to an object, but has not been granted those access rights.  (0xc0000022)
[0822/141436:ERROR:process_reader_win.cc(114)] NtOpenThread: {Access Denied} A process has requested access to an object, but has not been granted those access rights.  (0xc0000022)
[0822/141436:ERROR:exception_snapshot_win.cc(88)] thread ID 9936 not found in process
[0822/141436:WARNING:crash_report_exception_handler.cc(60)] ProcessSnapshotWin::InitializeException failed
[0822/141436:ERROR:exception_snapshot_win.cc(88)] thread ID 3560 not found in process
[0822/141436:WARNING:crash_report_exception_handler.cc(60)] ProcessSnapshotWin::InitializeException failed
[0822/141528:ERROR:process_reader_win.cc(114)] NtOpenThread: {Access Denied} A process has requested access to an object, but has not been granted those access rights.  (0xc0000022)
[0822/141528:ERROR:process_reader_win.cc(114)] NtOpenThread: {Access Denied} A process has requested access to an object, but has not been granted those access rights.  (0xc0000022)
[0822/141528:ERROR:exception_snapshot_win.cc(88)] thread ID 6488 not found in process
[0822/141528:WARNING:crash_report_exception_handler.cc(60)] ProcessSnapshotWin::InitializeException failed
[0822/141528:ERROR:exception_snapshot_win.cc(88)] thread ID 8944 not found in process
[0822/141528:WARNING:crash_report_exception_handler.cc(60)] ProcessSnapshotWin::InitializeException failed
[0822/141821:ERROR:process_reader_win.cc(114)] NtOpenThread: {Access Denied} A process has requested access to an object, but has not been granted those access rights.  (0xc0000022)
[0822/141821:ERROR:process_reader_win.cc(114)] NtOpenThread: {Access Denied} A process has requested access to an object, but has not been granted those access rights.  (0xc0000022)
[0822/141821:ERROR:exception_snapshot_win.cc(88)] thread ID 11060 not found in process
[0822/141821:WARNING:crash_report_exception_handler.cc(60)] ProcessSnapshotWin::InitializeException failed
[0822/141821:ERROR:exception_snapshot_win.cc(88)] thread ID 11068 not found in process
[0822/141821:WARNING:crash_report_exception_handler.cc(60)] ProcessSnapshotWin::InitializeException failed
[0822/142253:ERROR:process_reader_win.cc(114)] NtOpenThread: {Access Denied} A process has requested access to an object, but has not been granted those access rights.  (0xc0000022)
[0822/142253:ERROR:process_reader_win.cc(114)] NtOpenThread: {Access Denied} A process has requested access to an object, but has not been granted those access rights.  (0xc0000022)
[0822/142253:ERROR:exception_snapshot_win.cc(88)] thread ID 5624 not found in process
[0822/142253:WARNING:crash_report_exception_handler.cc(60)] ProcessSnapshotWin::InitializeException failed
[0822/142253:ERROR:exception_snapshot_win.cc(88)] thread ID 7888 not found in process
[0822/142253:WARNING:crash_report_exception_handler.cc(60)] ProcessSnapshotWin::InitializeException failed
[0822/142336:ERROR:process_reader_win.cc(114)] NtOpenThread: {Access Denied} A process has requested access to an object, but has not been granted those access rights.  (0xc0000022)
[0822/142336:ERROR:process_reader_win.cc(114)] NtOpenThread: {Access Denied} A process has requested access to an object, but has not been granted those access rights.  (0xc0000022)
[0822/142336:ERROR:exception_snapshot_win.cc(88)] thread ID 6460 not found in process
[0822/142336:WARNING:crash_report_exception_handler.cc(60)] ProcessSnapshotWin::InitializeException failed
[0822/142336:ERROR:exception_snapshot_win.cc(88)] thread ID 10840 not found in process
[0822/142336:WARNING:crash_report_exception_handler.cc(60)] ProcessSnapshotWin::InitializeException failed
[0822/142406:ERROR:process_reader_win.cc(114)] NtOpenThread: {Access Denied} A process has requested access to an object, but has not been granted those access rights.  (0xc0000022)
[0822/142406:ERROR:process_reader_win.cc(114)] NtOpenThread: {Access Denied} A process has requested access to an object, but has not been granted those access rights.  (0xc0000022)
[0822/142406:ERROR:exception_snapshot_win.cc(88)] thread ID 10800 not found in process
[0822/142406:WARNING:crash_report_exception_handler.cc(60)] ProcessSnapshotWin::InitializeException failed
[0822/142406:ERROR:exception_snapshot_win.cc(88)] thread ID 10600 not found in process
[0822/142406:WARNING:crash_report_exception_handler.cc(60)] ProcessSnapshotWin::InitializeException failed
[0822/142914:ERROR:process_reader_win.cc(114)] NtOpenThread: {Access Denied} A process has requested access to an object, but has not been granted those access rights.  (0xc0000022)
[0822/142914:ERROR:process_reader_win.cc(114)] NtOpenThread: {Access Denied} A process has requested access to an object, but has not been granted those access rights.  (0xc0000022)
[0822/142914:ERROR:exception_snapshot_win.cc(88)] thread ID 6360 not found in process
[0822/142914:WARNING:crash_report_exception_handler.cc(60)] ProcessSnapshotWin::InitializeException failed
[0822/142914:ERROR:exception_snapshot_win.cc(88)] thread ID 11192 not found in process
[0822/142914:WARNING:crash_report_exception_handler.cc(60)] ProcessSnapshotWin::InitializeException failed
[0822/142959:ERROR:process_reader_win.cc(114)] NtOpenThread: {Access Denied} A process has requested access to an object, but has not been granted those access rights.  (0xc0000022)
[0822/142959:ERROR:process_reader_win.cc(114)] NtOpenThread: {Access Denied} A process has requested access to an object, but has not been granted those access rights.  (0xc0000022)
[0822/142959:ERROR:exception_snapshot_win.cc(88)] thread ID 11064 not found in process
[0822/142959:WARNING:crash_report_exception_handler.cc(60)] ProcessSnapshotWin::InitializeException failed
[0822/142959:ERROR:exception_snapshot_win.cc(88)] thread ID 8040 not found in process
[0822/142959:WARNING:crash_report_exception_handler.cc(60)] ProcessSnapshotWin::InitializeException failed
[0822/143212:ERROR:process_reader_win.cc(114)] NtOpenThread: {Access Denied} A process has requested access to an object, but has not been granted those access rights.  (0xc0000022)
[0822/143212:ERROR:process_reader_win.cc(114)] NtOpenThread: {Access Denied} A process has requested access to an object, but has not been granted those access rights.  (0xc0000022)
[0822/143212:ERROR:exception_snapshot_win.cc(88)] thread ID 9116 not found in process
[0822/143212:WARNING:crash_report_exception_handler.cc(60)] ProcessSnapshotWin::InitializeException failed
[0822/143212:ERROR:exception_snapshot_win.cc(88)] thread ID 8928 not found in process
[0822/143212:WARNING:crash_report_exception_handler.cc(60)] ProcessSnapshotWin::InitializeException failed
[0822/144212:ERROR:process_reader_win.cc(114)] NtOpenThread: {Access Denied} A process has requested access to an object, but has not been granted those access rights.  (0xc0000022)
[0822/144212:ERROR:process_reader_win.cc(114)] NtOpenThread: {Access Denied} A process has requested access to an object, but has not been granted those access rights.  (0xc0000022)
[0822/144212:ERROR:process_reader_win.cc(114)] NtOpenThread: {Access Denied} A process has requested access to an object, but has not been granted those access rights.  (0xc0000022)
[0822/144212:ERROR:exception_snapshot_win.cc(88)] thread ID 8920 not found in process
[0822/144212:WARNING:crash_report_exception_handler.cc(60)] ProcessSnapshotWin::InitializeException failed
[0822/144212:ERROR:exception_snapshot_win.cc(88)] thread ID 10556 not found in process
[0822/144212:WARNING:crash_report_exception_handler.cc(60)] ProcessSnapshotWin::InitializeException failed
[0822/144212:ERROR:exception_snapshot_win.cc(88)] thread ID 2012 not found in process
[0822/144212:WARNING:crash_report_exception_handler.cc(60)] ProcessSnapshotWin::InitializeException failed
[0822/145054:ERROR:process_reader_win.cc(114)] NtOpenThread: {Access Denied} A process has requested access to an object, but has not been granted those access rights.  (0xc0000022)
[0822/145054:ERROR:process_reader_win.cc(114)] NtOpenThread: {Access Denied} A process has requested access to an object, but has not been granted those access rights.  (0xc0000022)
[0822/145054:ERROR:exception_snapshot_win.cc(88)] thread ID 10668 not found in process
[0822/145054:WARNING:crash_report_exception_handler.cc(60)] ProcessSnapshotWin::InitializeException failed
[0822/145054:ERROR:exception_snapshot_win.cc(88)] thread ID 6556 not found in process
[0822/145054:WARNING:crash_report_exception_handler.cc(60)] ProcessSnapshotWin::InitializeException failed
[0822/145239:ERROR:process_reader_win.cc(142)] SuspendThread: Access is denied. (0x5)
[0822/145239:ERROR:process_reader_win.cc(142)] SuspendThread: Access is denied. (0x5)
[0822/145239:ERROR:process_reader_win.cc(114)] NtOpenThread: {Access Denied} A process has requested access to an object, but has not been granted those access rights.  (0xc0000022)
[0822/145239:ERROR:exception_snapshot_win.cc(88)] thread ID 4752 not found in process
[0822/145239:WARNING:crash_report_exception_handler.cc(60)] ProcessSnapshotWin::InitializeException failed
[0822/145716:ERROR:process_reader_win.cc(114)] NtOpenThread: {Access Denied} A process has requested access to an object, but has not been granted those access rights.  (0xc0000022)
[0822/145716:ERROR:exception_snapshot_win.cc(88)] thread ID 3444 not found in process
[0822/145716:WARNING:crash_report_exception_handler.cc(60)] ProcessSnapshotWin::InitializeException failed
[0822/151807:ERROR:process_reader_win.cc(114)] NtOpenThread: {Access Denied} A process has requested access to an object, but has not been granted those access rights.  (0xc0000022)
[0822/151807:ERROR:exception_snapshot_win.cc(88)] thread ID 5392 not found in process
[0822/151807:WARNING:crash_report_exception_handler.cc(60)] ProcessSnapshotWin::InitializeException failed
[0822/151818:ERROR:process_reader_win.cc(114)] NtOpenThread: {Access Denied} A process has requested access to an object, but has not been granted those access rights.  (0xc0000022)
[0822/151818:ERROR:exception_snapshot_win.cc(88)] thread ID 8672 not found in process
[0822/151818:WARNING:crash_report_exception_handler.cc(60)] ProcessSnapshotWin::InitializeException failed
[0822/152008:ERROR:process_reader_win.cc(114)] NtOpenThread: {Access Denied} A process has requested access to an object, but has not been granted those access rights.  (0xc0000022)
[0822/152008:ERROR:process_reader_win.cc(114)] NtOpenThread: {Access Denied} A process has requested access to an object, but has not been granted those access rights.  (0xc0000022)
[0822/152008:ERROR:exception_snapshot_win.cc(88)] thread ID 84 not found in process
[0822/152008:WARNING:crash_report_exception_handler.cc(60)] ProcessSnapshotWin::InitializeException failed
[0822/152008:ERROR:exception_snapshot_win.cc(88)] thread ID 7648 not found in process
[0822/152008:WARNING:crash_report_exception_handler.cc(60)] ProcessSnapshotWin::InitializeException failed
[0822/152543:ERROR:process_reader_win.cc(114)] NtOpenThread: {Access Denied} A process has requested access to an object, but has not been granted those access rights.  (0xc0000022)
[0822/152543:ERROR:process_reader_win.cc(114)] NtOpenThread: {Access Denied} A process has requested access to an object, but has not been granted those access rights.  (0xc0000022)
[0822/152543:ERROR:exception_snapshot_win.cc(88)] thread ID 10676 not found in process
[0822/152543:WARNING:crash_report_exception_handler.cc(60)] ProcessSnapshotWin::InitializeException failed
[0822/152543:ERROR:exception_snapshot_win.cc(88)] thread ID 10152 not found in process
[0822/152543:WARNING:crash_report_exception_handler.cc(60)] ProcessSnapshotWin::InitializeException failed
[0822/153140:ERROR:process_reader_win.cc(114)] NtOpenThread: {Access Denied} A process has requested access to an object, but has not been granted those access rights.  (0xc0000022)
[0822/153140:ERROR:process_reader_win.cc(114)] NtOpenThread: {Access Denied} A process has requested access to an object, but has not been granted those access rights.  (0xc0000022)
[0822/153140:ERROR:exception_snapshot_win.cc(88)] thread ID 11456 not found in process
[0822/153140:WARNING:crash_report_exception_handler.cc(60)] ProcessSnapshotWin::InitializeException failed
[0822/153140:ERROR:exception_snapshot_win.cc(88)] thread ID 2376 not found in process
[0822/153140:WARNING:crash_report_exception_handler.cc(60)] ProcessSnapshotWin::InitializeException failed
[0822/153215:ERROR:process_reader_win.cc(114)] NtOpenThread: {Access Denied} A process has requested access to an object, but has not been granted those access rights.  (0xc0000022)
[0822/153215:ERROR:process_reader_win.cc(114)] NtOpenThread: {Access Denied} A process has requested access to an object, but has not been granted those access rights.  (0xc0000022)
[0822/153215:ERROR:exception_snapshot_win.cc(88)] thread ID 11256 not found in process
[0822/153215:WARNING:crash_report_exception_handler.cc(60)] ProcessSnapshotWin::InitializeException failed
[0822/153215:ERROR:exception_snapshot_win.cc(88)] thread ID 6424 not found in process
[0822/153215:WARNING:crash_report_exception_handler.cc(60)] ProcessSnapshotWin::InitializeException failed
[0822/153255:ERROR:process_reader_win.cc(114)] NtOpenThread: {Access Denied} A process has requested access to an object, but has not been granted those access rights.  (0xc0000022)
[0822/153255:ERROR:exception_snapshot_win.cc(88)] thread ID 10440 not found in process
[0822/153255:WARNING:crash_report_exception_handler.cc(60)] ProcessSnapshotWin::InitializeException failed
[0822/153822:ERROR:process_reader_win.cc(114)] NtOpenThread: {Access Denied} A process has requested access to an object, but has not been granted those access rights.  (0xc0000022)
[0822/153822:ERROR:exception_snapshot_win.cc(88)] thread ID 792 not found in process
[0822/153822:WARNING:crash_report_exception_handler.cc(60)] ProcessSnapshotWin::InitializeException failed
[0823/115443:ERROR:process_reader_win.cc(114)] NtOpenThread: {Access Denied} A process has requested access to an object, but has not been granted those access rights.  (0xc0000022)
[0823/115443:ERROR:exception_snapshot_win.cc(88)] thread ID 8808 not found in process
[0823/115443:WARNING:crash_report_exception_handler.cc(60)] ProcessSnapshotWin::InitializeException failed
[0823/120532:ERROR:process_reader_win.cc(114)] NtOpenThread: {Access Denied} A process has requested access to an object, but has not been granted those access rights.  (0xc0000022)
[0823/120532:ERROR:exception_snapshot_win.cc(88)] thread ID 5644 not found in process
[0823/120532:WARNING:crash_report_exception_handler.cc(60)] ProcessSnapshotWin::InitializeException failed
[0823/120706:ERROR:process_reader_win.cc(114)] NtOpenThread: {Access Denied} A process has requested access to an object, but has not been granted those access rights.  (0xc0000022)
[0823/120706:ERROR:process_reader_win.cc(114)] NtOpenThread: {Access Denied} A process has requested access to an object, but has not been granted those access rights.  (0xc0000022)
[0823/120706:ERROR:exception_snapshot_win.cc(88)] thread ID 488 not found in process
[0823/120706:WARNING:crash_report_exception_handler.cc(60)] ProcessSnapshotWin::InitializeException failed
[0823/120706:ERROR:exception_snapshot_win.cc(88)] thread ID 9180 not found in process
[0823/120706:WARNING:crash_report_exception_handler.cc(60)] ProcessSnapshotWin::InitializeException failed
[0823/121101:ERROR:process_reader_win.cc(114)] NtOpenThread: {Access Denied} A process has requested access to an object, but has not been granted those access rights.  (0xc0000022)
[0823/121101:ERROR:process_reader_win.cc(114)] NtOpenThread: {Access Denied} A process has requested access to an object, but has not been granted those access rights.  (0xc0000022)
[0823/121101:ERROR:exception_snapshot_win.cc(88)] thread ID 10908 not found in process
[0823/121101:WARNING:crash_report_exception_handler.cc(60)] ProcessSnapshotWin::InitializeException failed
[0823/121101:ERROR:exception_snapshot_win.cc(88)] thread ID 7844 not found in process
[0823/121101:WARNING:crash_report_exception_handler.cc(60)] ProcessSnapshotWin::InitializeException failed
[0823/132941:ERROR:process_reader_win.cc(114)] NtOpenThread: {Access Denied} A process has requested access to an object, but has not been granted those access rights.  (0xc0000022)
[0823/132941:ERROR:process_reader_win.cc(114)] NtOpenThread: {Access Denied} A process has requested access to an object, but has not been granted those access rights.  (0xc0000022)
[0823/132941:ERROR:exception_snapshot_win.cc(88)] thread ID 6020 not found in process
[0823/132941:WARNING:crash_report_exception_handler.cc(60)] ProcessSnapshotWin::InitializeException failed
[0823/132941:ERROR:exception_snapshot_win.cc(88)] thread ID 4756 not found in process
[0823/132941:WARNING:crash_report_exception_handler.cc(60)] ProcessSnapshotWin::InitializeException failed
[0823/133556:ERROR:process_reader_win.cc(114)] NtOpenThread: {Access Denied} A process has requested access to an object, but has not been granted those access rights.  (0xc0000022)
[0823/133556:ERROR:exception_snapshot_win.cc(88)] thread ID 6800 not found in process
[0823/133556:WARNING:crash_report_exception_handler.cc(60)] ProcessSnapshotWin::InitializeException failed
[0824/095705:ERROR:process_reader_win.cc(114)] NtOpenThread: {Access Denied} A process has requested access to an object, but has not been granted those access rights.  (0xc0000022)
[0824/095705:ERROR:process_reader_win.cc(114)] NtOpenThread: {Access Denied} A process has requested access to an object, but has not been granted those access rights.  (0xc0000022)
[0824/095705:ERROR:exception_snapshot_win.cc(88)] thread ID 10404 not found in process
[0824/095705:WARNING:crash_report_exception_handler.cc(60)] ProcessSnapshotWin::InitializeException failed
[0824/095705:ERROR:exception_snapshot_win.cc(88)] thread ID 4832 not found in process
[0824/095705:WARNING:crash_report_exception_handler.cc(60)] ProcessSnapshotWin::InitializeException failed
[0824/100505:ERROR:process_reader_win.cc(114)] NtOpenThread: {Access Denied} A process has requested access to an object, but has not been granted those access rights.  (0xc0000022)
[0824/100505:ERROR:exception_snapshot_win.cc(88)] thread ID 10956 not found in process
[0824/100505:WARNING:crash_report_exception_handler.cc(60)] ProcessSnapshotWin::InitializeException failed
[0824/101042:ERROR:process_reader_win.cc(114)] NtOpenThread: {Access Denied} A process has requested access to an object, but has not been granted those access rights.  (0xc0000022)
[0824/101042:ERROR:process_reader_win.cc(114)] NtOpenThread: {Access Denied} A process has requested access to an object, but has not been granted those access rights.  (0xc0000022)
[0824/101042:ERROR:process_reader_win.cc(114)] NtOpenThread: {Access Denied} A process has requested access to an object, but has not been granted those access rights.  (0xc0000022)
[0824/101042:ERROR:exception_snapshot_win.cc(88)] thread ID 7376 not found in process
[0824/101042:WARNING:crash_report_exception_handler.cc(60)] ProcessSnapshotWin::InitializeException failed
[0824/101042:ERROR:exception_snapshot_win.cc(88)] thread ID 4644 not found in process
[0824/101042:WARNING:crash_report_exception_handler.cc(60)] ProcessSnapshotWin::InitializeException failed
[0824/101042:ERROR:exception_snapshot_win.cc(88)] thread ID 7716 not found in process
[0824/101042:WARNING:crash_report_exception_handler.cc(60)] ProcessSnapshotWin::InitializeException failed
[0824/101932:ERROR:process_reader_win.cc(114)] NtOpenThread: {Access Denied} A process has requested access to an object, but has not been granted those access rights.  (0xc0000022)
[0824/101932:ERROR:process_reader_win.cc(114)] NtOpenThread: {Access Denied} A process has requested access to an object, but has not been granted those access rights.  (0xc0000022)
[0824/101932:ERROR:exception_snapshot_win.cc(88)] thread ID 11984 not found in process
[0824/101932:WARNING:crash_report_exception_handler.cc(60)] ProcessSnapshotWin::InitializeException failed
[0824/101932:ERROR:exception_snapshot_win.cc(88)] thread ID 10904 not found in process
[0824/101932:WARNING:crash_report_exception_handler.cc(60)] ProcessSnapshotWin::InitializeException failed
[0824/102418:ERROR:process_reader_win.cc(114)] NtOpenThread: {Access Denied} A process has requested access to an object, but has not been granted those access rights.  (0xc0000022)
[0824/102418:ERROR:process_reader_win.cc(114)] NtOpenThread: {Access Denied} A process has requested access to an object, but has not been granted those access rights.  (0xc0000022)
[0824/102418:ERROR:exception_snapshot_win.cc(88)] thread ID 3788 not found in process
[0824/102418:WARNING:crash_report_exception_handler.cc(60)] ProcessSnapshotWin::InitializeException failed
[0824/102418:ERROR:exception_snapshot_win.cc(88)] thread ID 4336 not found in process
[0824/102418:WARNING:crash_report_exception_handler.cc(60)] ProcessSnapshotWin::InitializeException failed
[0824/102511:ERROR:process_reader_win.cc(114)] NtOpenThread: {Access Denied} A process has requested access to an object, but has not been granted those access rights.  (0xc0000022)
[0824/102511:ERROR:process_reader_win.cc(114)] NtOpenThread: {Access Denied} A process has requested access to an object, but has not been granted those access rights.  (0xc0000022)
[0824/102511:ERROR:process_reader_win.cc(114)] NtOpenThread: {Access Denied} A process has requested access to an object, but has not been granted those access rights.  (0xc0000022)
[0824/102511:ERROR:exception_snapshot_win.cc(88)] thread ID 7980 not found in process
[0824/102511:WARNING:crash_report_exception_handler.cc(60)] ProcessSnapshotWin::InitializeException failed
[0824/102511:ERROR:exception_snapshot_win.cc(88)] thread ID 5904 not found in process
[0824/102511:WARNING:crash_report_exception_handler.cc(60)] ProcessSnapshotWin::InitializeException failed
[0824/102511:ERROR:exception_snapshot_win.cc(88)] thread ID 10724 not found in process
[0824/102511:WARNING:crash_report_exception_handler.cc(60)] ProcessSnapshotWin::InitializeException failed
[0824/102824:ERROR:process_reader_win.cc(114)] NtOpenThread: {Access Denied} A process has requested access to an object, but has not been granted those access rights.  (0xc0000022)
[0824/102824:ERROR:exception_snapshot_win.cc(88)] thread ID 8420 not found in process
[0824/102824:WARNING:crash_report_exception_handler.cc(60)] ProcessSnapshotWin::InitializeException failed
[0824/103031:ERROR:process_reader_win.cc(114)] NtOpenThread: {Access Denied} A process has requested access to an object, but has not been granted those access rights.  (0xc0000022)
[0824/103031:ERROR:exception_snapshot_win.cc(88)] thread ID 6008 not found in process
[0824/103031:WARNING:crash_report_exception_handler.cc(60)] ProcessSnapshotWin::InitializeException failed
[0824/105312:ERROR:process_reader_win.cc(114)] NtOpenThread: {Access Denied} A process has requested access to an object, but has not been granted those access rights.  (0xc0000022)
[0824/105312:ERROR:process_reader_win.cc(114)] NtOpenThread: {Access Denied} A process has requested access to an object, but has not been granted those access rights.  (0xc0000022)
[0824/105312:ERROR:exception_snapshot_win.cc(88)] thread ID 7432 not found in process
[0824/105312:WARNING:crash_report_exception_handler.cc(60)] ProcessSnapshotWin::InitializeException failed
[0824/105312:ERROR:exception_snapshot_win.cc(88)] thread ID 9844 not found in process
[0824/105312:WARNING:crash_report_exception_handler.cc(60)] ProcessSnapshotWin::InitializeException failed
[0824/105525:ERROR:process_reader_win.cc(114)] NtOpenThread: {Access Denied} A process has requested access to an object, but has not been granted those access rights.  (0xc0000022)
[0824/105525:ERROR:exception_snapshot_win.cc(88)] thread ID 10216 not found in process
[0824/105525:WARNING:crash_report_exception_handler.cc(60)] ProcessSnapshotWin::InitializeException failed
[0824/105555:ERROR:process_reader_win.cc(114)] NtOpenThread: {Access Denied} A process has requested access to an object, but has not been granted those access rights.  (0xc0000022)
[0824/105555:ERROR:exception_snapshot_win.cc(88)] thread ID 9080 not found in process
[0824/105555:WARNING:crash_report_exception_handler.cc(60)] ProcessSnapshotWin::InitializeException failed
[0824/110152:ERROR:process_reader_win.cc(114)] NtOpenThread: {Access Denied} A process has requested access to an object, but has not been granted those access rights.  (0xc0000022)
[0824/110152:ERROR:exception_snapshot_win.cc(88)] thread ID 5680 not found in process
[0824/110152:WARNING:crash_report_exception_handler.cc(60)] ProcessSnapshotWin::InitializeException failed
[0824/110423:ERROR:process_reader_win.cc(114)] NtOpenThread: {Access Denied} A process has requested access to an object, but has not been granted those access rights.  (0xc0000022)
[0824/110423:ERROR:process_reader_win.cc(114)] NtOpenThread: {Access Denied} A process has requested access to an object, but has not been granted those access rights.  (0xc0000022)
[0824/110423:ERROR:exception_snapshot_win.cc(88)] thread ID 2560 not found in process
[0824/110423:WARNING:crash_report_exception_handler.cc(60)] ProcessSnapshotWin::InitializeException failed
[0824/110423:ERROR:exception_snapshot_win.cc(88)] thread ID 6804 not found in process
[0824/110423:WARNING:crash_report_exception_handler.cc(60)] ProcessSnapshotWin::InitializeException failed
[0824/110755:ERROR:process_reader_win.cc(114)] NtOpenThread: {Access Denied} A process has requested access to an object, but has not been granted those access rights.  (0xc0000022)
[0824/110755:ERROR:process_reader_win.cc(114)] NtOpenThread: {Access Denied} A process has requested access to an object, but has not been granted those access rights.  (0xc0000022)
[0824/110755:ERROR:exception_snapshot_win.cc(88)] thread ID 10904 not found in process
[0824/110755:WARNING:crash_report_exception_handler.cc(60)] ProcessSnapshotWin::InitializeException failed
[0824/110755:ERROR:exception_snapshot_win.cc(88)] thread ID 7196 not found in process
[0824/110755:WARNING:crash_report_exception_handler.cc(60)] ProcessSnapshotWin::InitializeException failed
[0824/111712:ERROR:process_reader_win.cc(114)] NtOpenThread: {Access Denied} A process has requested access to an object, but has not been granted those access rights.  (0xc0000022)
[0824/111712:ERROR:process_reader_win.cc(114)] NtOpenThread: {Access Denied} A process has requested access to an object, but has not been granted those access rights.  (0xc0000022)
[0824/111712:ERROR:process_reader_win.cc(114)] NtOpenThread: {Access Denied} A process has requested access to an object, but has not been granted those access rights.  (0xc0000022)
[0824/111712:ERROR:exception_snapshot_win.cc(88)] thread ID 8388 not found in process
[0824/111712:WARNING:crash_report_exception_handler.cc(60)] ProcessSnapshotWin::InitializeException failed
[0824/111712:ERROR:exception_snapshot_win.cc(88)] thread ID 12092 not found in process
[0824/111712:WARNING:crash_report_exception_handler.cc(60)] ProcessSnapshotWin::InitializeException failed
[0824/111712:ERROR:exception_snapshot_win.cc(88)] thread ID 12208 not found in process
[0824/111712:WARNING:crash_report_exception_handler.cc(60)] ProcessSnapshotWin::InitializeException failed
[0824/112330:ERROR:process_reader_win.cc(114)] NtOpenThread: {Access Denied} A process has requested access to an object, but has not been granted those access rights.  (0xc0000022)
[0824/112330:ERROR:process_reader_win.cc(114)] NtOpenThread: {Access Denied} A process has requested access to an object, but has not been granted those access rights.  (0xc0000022)
[0824/112330:ERROR:exception_snapshot_win.cc(88)] thread ID 6980 not found in process
[0824/112330:WARNING:crash_report_exception_handler.cc(60)] ProcessSnapshotWin::InitializeException failed
[0824/112330:ERROR:exception_snapshot_win.cc(88)] thread ID 12076 not found in process
[0824/112330:WARNING:crash_report_exception_handler.cc(60)] ProcessSnapshotWin::InitializeException failed
[0824/112556:ERROR:process_reader_win.cc(114)] NtOpenThread: {Access Denied} A process has requested access to an object, but has not been granted those access rights.  (0xc0000022)
[0824/112556:ERROR:exception_snapshot_win.cc(88)] thread ID 1808 not found in process
[0824/112556:WARNING:crash_report_exception_handler.cc(60)] ProcessSnapshotWin::InitializeException failed
[0824/112718:ERROR:process_reader_win.cc(114)] NtOpenThread: {Access Denied} A process has requested access to an object, but has not been granted those access rights.  (0xc0000022)
[0824/112718:ERROR:exception_snapshot_win.cc(88)] thread ID 9248 not found in process
[0824/112718:WARNING:crash_report_exception_handler.cc(60)] ProcessSnapshotWin::InitializeException failed
[0824/113451:ERROR:process_reader_win.cc(114)] NtOpenThread: {Access Denied} A process has requested access to an object, but has not been granted those access rights.  (0xc0000022)
[0824/113451:ERROR:exception_snapshot_win.cc(88)] thread ID 5156 not found in process
[0824/113451:WARNING:crash_report_exception_handler.cc(60)] ProcessSnapshotWin::InitializeException failed
